# JRE version: OpenJDK Runtime Environment (21.0.6) (build 21.0.6+-13391695-b895.109)
# Java VM: OpenJDK 64-Bit Server VM (21.0.6+-13391695-b895.109, mixed mode, tiered, compressed oops, compressed class ptrs, g1 gc, windows-amd64)
GC Precious Log:
 CardTable entry size: 512
 Card Set container configuration: InlinePtr #cards 4 size 8 Array Of Cards #cards 32 size 80 Howl #buckets 8 coarsen threshold 7372 Howl Bitmap #cards 1024 size 144 coarsen threshold 921 Card regions per heap region 1 cards per card region 8192
 CPUs: 8 total, 8 available
 Memory: 16205M
 Large Page Support: Disabled
 NUMA Support: Disabled
 Compressed Oops: Enabled (Zero based)
 Heap Region Size: 4M
 Heap Min Capacity: 8M
 Heap Initial Capacity: 256M
 Heap Max Capacity: 8G
 Pre-touch: Disabled
 Parallel Workers: 8
 Concurrent Workers: 2
 Concurrent Refinement Workers: 8
 Periodic GC: Disabled
Heap:
 garbage-first heap   total 1392640K, used 283016K [0x0000000600000000, 0x0000000800000000)
  region size 4096K, 1 young (4096K), 1 survivors (4096K)
 Metaspace       used 285874K, committed 289152K, reserved 1310720K
  class space    used 35276K, committed 36928K, reserved 1048576K
GC Heap History (20 events):
Event: 6161.116 GC heap after
{Heap after GC invocations=170 (full 1):
 garbage-first heap   total 778240K, used 250673K [0x0000000600000000, 0x0000000800000000)
  region size 4096K, 9 young (36864K), 9 survivors (36864K)
 Metaspace       used 285880K, committed 289152K, reserved 1310720K
  class space    used 35281K, committed 36928K, reserved 1048576K
}
Event: 6163.302 GC heap before
{Heap before GC invocations=170 (full 1):
 garbage-first heap   total 778240K, used 676657K [0x0000000600000000, 0x0000000800000000)
  region size 4096K, 114 young (466944K), 9 survivors (36864K)
 Metaspace       used 285882K, committed 289152K, reserved 1310720K
  class space    used 35281K, committed 36928K, reserved 1048576K
}
Event: 6163.386 GC heap after
{Heap after GC invocations=171 (full 1):
 garbage-first heap   total 778240K, used 274707K [0x0000000600000000, 0x0000000800000000)
  region size 4096K, 10 young (40960K), 10 survivors (40960K)
 Metaspace       used 285882K, committed 289152K, reserved 1310720K
  class space    used 35281K, committed 36928K, reserved 1048576K
}
Event: 6163.387 GC heap before
{Heap before GC invocations=171 (full 1):
 garbage-first heap   total 778240K, used 274707K [0x0000000600000000, 0x0000000800000000)
  region size 4096K, 12 young (49152K), 10 survivors (40960K)
 Metaspace       used 285882K, committed 289152K, reserved 1310720K
  class space    used 35281K, committed 36928K, reserved 1048576K
}
Event: 6163.428 GC heap after
{Heap after GC invocations=172 (full 1):
 garbage-first heap   total 778240K, used 278953K [0x0000000600000000, 0x0000000800000000)
  region size 4096K, 2 young (8192K), 2 survivors (8192K)
 Metaspace       used 285882K, committed 289152K, reserved 1310720K
  class space    used 35281K, committed 36928K, reserved 1048576K
}
Event: 6164.602 GC heap before
{Heap before GC invocations=173 (full 1):
 garbage-first heap   total 778240K, used 704937K [0x0000000600000000, 0x0000000800000000)
  region size 4096K, 107 young (438272K), 2 survivors (8192K)
 Metaspace       used 285874K, committed 289152K, reserved 1310720K
  class space    used 35276K, committed 36928K, reserved 1048576K
}
Event: 6164.609 GC heap after
{Heap after GC invocations=174 (full 1):
 garbage-first heap   total 778240K, used 279572K [0x0000000600000000, 0x0000000800000000)
  region size 4096K, 2 young (8192K), 2 survivors (8192K)
 Metaspace       used 285874K, committed 289152K, reserved 1310720K
  class space    used 35276K, committed 36928K, reserved 1048576K
}
Event: 6165.252 GC heap before
{Heap before GC invocations=174 (full 1):
 garbage-first heap   total 778240K, used 713748K [0x0000000600000000, 0x0000000800000000)
  region size 4096K, 108 young (442368K), 2 survivors (8192K)
 Metaspace       used 285874K, committed 289152K, reserved 1310720K
  class space    used 35276K, committed 36928K, reserved 1048576K
}
Event: 6165.400 GC heap after
{Heap after GC invocations=175 (full 1):
 garbage-first heap   total 778240K, used 281174K [0x0000000600000000, 0x0000000800000000)
  region size 4096K, 3 young (12288K), 3 survivors (12288K)
 Metaspace       used 285874K, committed 289152K, reserved 1310720K
  class space    used 35276K, committed 36928K, reserved 1048576K
}
Event: 6166.575 GC heap before
{Heap before GC invocations=175 (full 1):
 garbage-first heap   total 778240K, used 715350K [0x0000000600000000, 0x0000000800000000)
  region size 4096K, 109 young (446464K), 3 survivors (12288K)
 Metaspace       used 285874K, committed 289152K, reserved 1310720K
  class space    used 35276K, committed 36928K, reserved 1048576K
}
Event: 6168.468 GC heap after
{Heap after GC invocations=176 (full 1):
 garbage-first heap   total 1392640K, used 283081K [0x0000000600000000, 0x0000000800000000)
  region size 4096K, 3 young (12288K), 3 survivors (12288K)
 Metaspace       used 285874K, committed 289152K, reserved 1310720K
  class space    used 35276K, committed 36928K, reserved 1048576K
}
Event: 6169.412 GC heap before
{Heap before GC invocations=176 (full 1):
 garbage-first heap   total 970752K, used 315849K [0x0000000600000000, 0x0000000800000000)
  region size 4096K, 11 young (45056K), 3 survivors (12288K)
 Metaspace       used 285874K, committed 289152K, reserved 1310720K
  class space    used 35276K, committed 36928K, reserved 1048576K
}
Event: 6170.349 GC heap after
{Heap after GC invocations=177 (full 1):
 garbage-first heap   total 970752K, used 281683K [0x0000000600000000, 0x0000000800000000)
  region size 4096K, 1 young (4096K), 1 survivors (4096K)
 Metaspace       used 285874K, committed 289152K, reserved 1310720K
  class space    used 35276K, committed 36928K, reserved 1048576K
}
Event: 6170.454 GC heap before
{Heap before GC invocations=177 (full 1):
 garbage-first heap   total 970752K, used 322643K [0x0000000600000000, 0x0000000800000000)
  region size 4096K, 11 young (45056K), 1 survivors (4096K)
 Metaspace       used 285874K, committed 289152K, reserved 1310720K
  class space    used 35276K, committed 36928K, reserved 1048576K
}
Event: 6170.457 GC heap after
{Heap after GC invocations=178 (full 1):
 garbage-first heap   total 970752K, used 281320K [0x0000000600000000, 0x0000000800000000)
  region size 4096K, 1 young (4096K), 1 survivors (4096K)
 Metaspace       used 285874K, committed 289152K, reserved 1310720K
  class space    used 35276K, committed 36928K, reserved 1048576K
}
Event: 6170.507 GC heap before
{Heap before GC invocations=179 (full 1):
 garbage-first heap   total 970752K, used 322280K [0x0000000600000000, 0x0000000800000000)
  region size 4096K, 11 young (45056K), 1 survivors (4096K)
 Metaspace       used 285874K, committed 289152K, reserved 1310720K
  class space    used 35276K, committed 36928K, reserved 1048576K
}
Event: 6170.510 GC heap after
{Heap after GC invocations=180 (full 1):
 garbage-first heap   total 970752K, used 281802K [0x0000000600000000, 0x0000000800000000)
  region size 4096K, 1 young (4096K), 1 survivors (4096K)
 Metaspace       used 285874K, committed 289152K, reserved 1310720K
  class space    used 35276K, committed 36928K, reserved 1048576K
}
Event: 6170.556 GC heap before
{Heap before GC invocations=180 (full 1):
 garbage-first heap   total 970752K, used 318666K [0x0000000600000000, 0x0000000800000000)
  region size 4096K, 11 young (45056K), 1 survivors (4096K)
 Metaspace       used 285874K, committed 289152K, reserved 1310720K
  class space    used 35276K, committed 36928K, reserved 1048576K
}
Event: 6170.717 GC heap after
{Heap after GC invocations=181 (full 1):
 garbage-first heap   total 970752K, used 282604K [0x0000000600000000, 0x0000000800000000)
  region size 4096K, 1 young (4096K), 1 survivors (4096K)
 Metaspace       used 285874K, committed 289152K, reserved 1310720K
  class space    used 35276K, committed 36928K, reserved 1048576K
}
Event: 6170.764 GC heap before
{Heap before GC invocations=181 (full 1):
 garbage-first heap   total 970752K, used 323564K [0x0000000600000000, 0x0000000800000000)
  region size 4096K, 11 young (45056K), 1 survivors (4096K)
 Metaspace       used 285874K, committed 289152K, reserved 1310720K
  class space    used 35276K, committed 36928K, reserved 1048576K
}

